RUN	computerdatabase.FirstSimulation	firstsimulation	1692775274230	 	3.9.5
USER	Second Scenario	START	1692775276036
USER	First Scenario	START	1692775276035
USER	Second Scenario	START	1692775276035
USER	First Scenario	START	1692775276035
USER	First Scenario	START	1692775276035
USER	First Scenario	START	1692775276035
USER	First Scenario	START	1692775276035
USER	Second Scenario	START	1692775276036
USER	Second Scenario	START	1692775276035
USER	First Scenario	START	1692775276035
USER	First Scenario	START	1692775276035
USER	First Scenario	START	1692775276035
USER	Second Scenario	START	1692775276035
USER	First Scenario	START	1692775276035
USER	First Scenario	START	1692775276035
REQUEST		Home screen	1692775275773	1692775276295	OK	 
REQUEST		Home screen	1692775275773	1692775276310	OK	 
REQUEST		Home screen	1692775275773	1692775276330	OK	 
REQUEST		Home screen	1692775275773	1692775276330	OK	 
REQUEST		Home screen Redirect 1	1692775276310	1692775276449	OK	 
REQUEST		Home screen Redirect 1	1692775276300	1692775276449	OK	 
REQUEST		Home screen Redirect 1	1692775276330	1692775276462	OK	 
REQUEST		Home screen Redirect 1	1692775276330	1692775276462	OK	 
REQUEST		Open specific computer	1692775276542	1692775276671	OK	 
REQUEST		Open specific computer	1692775276542	1692775276671	OK	 
USER	First Scenario	END	1692775276676
USER	First Scenario	END	1692775276677
REQUEST		Open specific computer	1692775276542	1692775276691	OK	 
USER	First Scenario	END	1692775276692
REQUEST		Home screen	1692775275773	1692775276919	OK	 
REQUEST		Home screen	1692775275773	1692775276920	OK	 
REQUEST		Home screen	1692775275773	1692775276921	OK	 
REQUEST		Home screen	1692775275773	1692775276921	OK	 
REQUEST		Home screen	1692775275773	1692775276923	OK	 
REQUEST		Home screen	1692775275773	1692775276923	OK	 
REQUEST		Home screen	1692775275773	1692775276923	OK	 
REQUEST		Home screen	1692775275773	1692775276923	OK	 
REQUEST		Home screen	1692775275773	1692775276923	OK	 
REQUEST		Home screen	1692775275773	1692775276923	OK	 
REQUEST		Home screen	1692775275773	1692775276923	OK	 
REQUEST		Open specific computer	1692775276542	1692775276924	OK	 
USER	First Scenario	END	1692775276925
REQUEST		Home screen Redirect 1	1692775276923	1692775277056	OK	 
REQUEST		Home screen Redirect 1	1692775276923	1692775277064	OK	 
REQUEST		Home screen Redirect 1	1692775276921	1692775277076	OK	 
REQUEST		Home screen Redirect 1	1692775276921	1692775277076	OK	 
REQUEST		Home screen Redirect 1	1692775276920	1692775277076	OK	 
REQUEST		Home screen Redirect 1	1692775276920	1692775277077	OK	 
REQUEST		Home screen Redirect 1	1692775276923	1692775277080	OK	 
REQUEST		Home screen Redirect 1	1692775276923	1692775277081	OK	 
REQUEST		Home screen Redirect 1	1692775276923	1692775277081	OK	 
REQUEST		Home screen Redirect 1	1692775276923	1692775277081	OK	 
REQUEST		Home screen Redirect 1	1692775276923	1692775277081	OK	 
REQUEST		Open specific computer	1692775277057	1692775277185	OK	 
USER	First Scenario	END	1692775277186
REQUEST		Open specific computer	1692775277065	1692775277192	OK	 
REQUEST		Open specific computer	1692775277082	1692775277209	OK	 
USER	First Scenario	END	1692775277211
REQUEST		Open specific computer	1692775277083	1692775277211	OK	 
REQUEST		Open specific computer	1692775277083	1692775277211	OK	 
REQUEST		Open specific computer	1692775277083	1692775277212	OK	 
USER	First Scenario	END	1692775277214
USER	First Scenario	END	1692775277214
REQUEST		Open specific computer	1692775277078	1692775277214	OK	 
REQUEST		Open specific computer	1692775277081	1692775277214	OK	 
USER	First Scenario	END	1692775277216
REQUEST		Open specific computer	1692775277077	1692775277217	OK	 
REQUEST		Open specific computer	1692775277077	1692775277217	OK	 
REQUEST		Open specific computer	1692775277077	1692775277218	OK	 
USER	First Scenario	END	1692775277220
REQUEST		Search for computer	1692775277193	1692775277321	OK	 
USER	Second Scenario	END	1692775277322
REQUEST		Search for computer	1692775277213	1692775277341	OK	 
USER	Second Scenario	END	1692775277342
REQUEST		Search for computer	1692775277216	1692775277343	OK	 
USER	Second Scenario	END	1692775277344
REQUEST		Search for computer	1692775277219	1692775277347	OK	 
REQUEST		Search for computer	1692775277219	1692775277347	OK	 
USER	Second Scenario	END	1692775277349
USER	Second Scenario	END	1692775277349
