RUN	computerdatabase.FirstSimulation	firstsimulation	1689844948125	 	3.9.5
USER	FirstSimulation	START	1689844949481
USER	FirstSimulation	START	1689844949481
USER	FirstSimulation	START	1689844949481
USER	FirstSimulation	START	1689844949481
USER	FirstSimulation	START	1689844949481
USER	FirstSimulation	START	1689844949481
USER	FirstSimulation	START	1689844949482
USER	FirstSimulation	START	1689844949481
USER	FirstSimulation	START	1689844949482
USER	FirstSimulation	START	1689844949482
USER	FirstSimulation	START	1689844949482
USER	FirstSimulation	START	1689844949482
USER	FirstSimulation	START	1689844949482
USER	FirstSimulation	START	1689844949482
USER	FirstSimulation	START	1689844949482
USER	FirstSimulation	START	1689844949482
USER	FirstSimulation	START	1689844949483
USER	FirstSimulation	START	1689844949483
USER	FirstSimulation	START	1689844949483
USER	FirstSimulation	START	1689844949483
USER	FirstSimulation	START	1689844949481
USER	FirstSimulation	START	1689844949483
USER	FirstSimulation	START	1689844949483
USER	FirstSimulation	START	1689844949483
USER	FirstSimulation	START	1689844949483
USER	FirstSimulation	START	1689844949483
USER	FirstSimulation	START	1689844949484
USER	FirstSimulation	START	1689844949484
USER	FirstSimulation	START	1689844949484
USER	FirstSimulation	START	1689844949484
USER	FirstSimulation	START	1689844949484
USER	FirstSimulation	START	1689844949484
USER	FirstSimulation	START	1689844949484
USER	FirstSimulation	START	1689844949484
USER	FirstSimulation	START	1689844949484
USER	FirstSimulation	START	1689844949485
USER	FirstSimulation	START	1689844949485
USER	FirstSimulation	START	1689844949485
USER	FirstSimulation	START	1689844949485
USER	FirstSimulation	START	1689844949485
USER	FirstSimulation	START	1689844949485
USER	FirstSimulation	START	1689844949485
USER	FirstSimulation	START	1689844949485
USER	FirstSimulation	START	1689844949485
USER	FirstSimulation	START	1689844949485
USER	FirstSimulation	START	1689844949486
USER	FirstSimulation	START	1689844949486
USER	FirstSimulation	START	1689844949486
USER	FirstSimulation	START	1689844949486
USER	FirstSimulation	START	1689844949486
USER	FirstSimulation	START	1689844949486
USER	FirstSimulation	START	1689844949486
USER	FirstSimulation	START	1689844949486
USER	FirstSimulation	START	1689844949486
USER	FirstSimulation	START	1689844949486
USER	FirstSimulation	START	1689844949486
USER	FirstSimulation	START	1689844949487
USER	FirstSimulation	START	1689844949487
USER	FirstSimulation	START	1689844949487
USER	FirstSimulation	START	1689844949487
USER	FirstSimulation	START	1689844949487
USER	FirstSimulation	START	1689844949487
USER	FirstSimulation	START	1689844949487
USER	FirstSimulation	START	1689844949487
USER	FirstSimulation	START	1689844949487
USER	FirstSimulation	START	1689844949487
USER	FirstSimulation	START	1689844949487
USER	FirstSimulation	START	1689844949487
USER	FirstSimulation	START	1689844949488
USER	FirstSimulation	START	1689844949488
USER	FirstSimulation	START	1689844949488
USER	FirstSimulation	START	1689844949488
USER	FirstSimulation	START	1689844949488
USER	FirstSimulation	START	1689844949488
USER	FirstSimulation	START	1689844949488
USER	FirstSimulation	START	1689844949488
USER	FirstSimulation	START	1689844949483
USER	FirstSimulation	START	1689844949488
USER	FirstSimulation	START	1689844949483
USER	FirstSimulation	START	1689844949488
USER	FirstSimulation	START	1689844949488
USER	FirstSimulation	START	1689844949488
USER	FirstSimulation	START	1689844949488
USER	FirstSimulation	START	1689844949489
USER	FirstSimulation	START	1689844949489
USER	FirstSimulation	START	1689844949489
USER	FirstSimulation	START	1689844949489
USER	FirstSimulation	START	1689844949489
USER	FirstSimulation	START	1689844949489
USER	FirstSimulation	START	1689844949489
USER	FirstSimulation	START	1689844949489
USER	FirstSimulation	START	1689844949489
USER	FirstSimulation	START	1689844949489
USER	FirstSimulation	START	1689844949490
USER	FirstSimulation	START	1689844949490
USER	FirstSimulation	START	1689844949490
USER	FirstSimulation	START	1689844949490
USER	FirstSimulation	START	1689844949490
USER	FirstSimulation	START	1689844949491
USER	FirstSimulation	START	1689844949492
REQUEST		request_0	1689844949248	1689844949763	OK	 
REQUEST		request_0	1689844949249	1689844949765	OK	 
REQUEST		request_0	1689844949248	1689844949755	OK	 
REQUEST		request_0	1689844949490	1689844949767	KO	status.find.in([200, 209], 304), found 502
REQUEST		request_0	1689844949483	1689844949753	OK	 
REQUEST		request_0	1689844949487	1689844950677	OK	 
REQUEST		request_0	1689844949489	1689844950677	OK	 
REQUEST		request_0	1689844949482	1689844950677	OK	 
REQUEST		request_0	1689844949483	1689844950677	OK	 
REQUEST		request_0	1689844949486	1689844950677	OK	 
REQUEST		request_0	1689844949484	1689844950677	OK	 
REQUEST		request_0	1689844949249	1689844950678	OK	 
REQUEST		request_0	1689844949484	1689844950679	OK	 
REQUEST		request_0	1689844949248	1689844950680	OK	 
REQUEST		request_0	1689844949488	1689844950680	OK	 
REQUEST		request_0	1689844949490	1689844950682	OK	 
REQUEST		request_0	1689844949484	1689844950682	OK	 
REQUEST		request_0	1689844949484	1689844950682	OK	 
REQUEST		request_0	1689844949487	1689844950683	OK	 
REQUEST		request_0	1689844949482	1689844950683	OK	 
REQUEST		request_0	1689844949487	1689844950684	OK	 
REQUEST		request_0	1689844949483	1689844950686	OK	 
REQUEST		request_0	1689844949484	1689844950686	OK	 
REQUEST		request_0	1689844949482	1689844950686	OK	 
REQUEST		request_0	1689844949248	1689844950686	OK	 
REQUEST		request_0	1689844949248	1689844950687	OK	 
REQUEST		request_0	1689844949485	1689844950687	OK	 
REQUEST		request_0	1689844949487	1689844950687	OK	 
REQUEST		request_0	1689844949488	1689844950687	OK	 
REQUEST		request_0	1689844949248	1689844950688	OK	 
REQUEST		request_0	1689844949250	1689844950688	OK	 
REQUEST		request_0	1689844949483	1689844950688	OK	 
REQUEST		request_0	1689844949248	1689844950689	OK	 
REQUEST		request_0	1689844949248	1689844950689	OK	 
REQUEST		request_0	1689844949486	1689844950689	OK	 
REQUEST		request_0	1689844949250	1689844950692	OK	 
REQUEST		request_0	1689844949483	1689844950693	OK	 
REQUEST		request_0	1689844949250	1689844950693	OK	 
REQUEST		request_0	1689844949487	1689844950693	OK	 
REQUEST		request_0	1689844949485	1689844950694	OK	 
REQUEST		request_0	1689844949248	1689844950693	OK	 
REQUEST		request_0	1689844949486	1689844950696	OK	 
REQUEST		request_0	1689844949486	1689844950696	OK	 
REQUEST		request_0	1689844949489	1689844950696	OK	 
REQUEST		request_0	1689844949484	1689844950697	OK	 
REQUEST		request_0	1689844949488	1689844950698	OK	 
REQUEST		request_0	1689844949483	1689844950698	OK	 
REQUEST		request_0	1689844949250	1689844950698	OK	 
REQUEST		request_0	1689844949249	1689844950700	OK	 
REQUEST		request_0	1689844949488	1689844950700	OK	 
REQUEST		request_0	1689844949487	1689844950700	OK	 
REQUEST		request_0	1689844949490	1689844950700	OK	 
REQUEST		request_0	1689844949489	1689844950701	OK	 
REQUEST		request_0	1689844949248	1689844950701	OK	 
REQUEST		request_0	1689844949248	1689844950703	OK	 
REQUEST		request_0	1689844949249	1689844950703	OK	 
REQUEST		request_0	1689844949250	1689844950703	OK	 
REQUEST		request_0	1689844949482	1689844950704	OK	 
REQUEST		request_0	1689844949488	1689844950704	OK	 
REQUEST		request_0	1689844949249	1689844950704	OK	 
REQUEST		request_0	1689844949482	1689844950705	OK	 
REQUEST		request_0	1689844949490	1689844950707	OK	 
REQUEST		request_0	1689844949486	1689844950707	OK	 
REQUEST		request_0	1689844949483	1689844950707	OK	 
REQUEST		request_0	1689844949249	1689844950707	OK	 
REQUEST		request_0	1689844949484	1689844950708	OK	 
REQUEST		request_0	1689844949482	1689844950708	OK	 
REQUEST		request_0	1689844949486	1689844950709	OK	 
REQUEST		request_0	1689844949248	1689844950709	OK	 
REQUEST		request_0	1689844949248	1689844950709	OK	 
REQUEST		request_0	1689844949489	1689844950709	OK	 
REQUEST		request_0	1689844949250	1689844950710	OK	 
REQUEST		request_0	1689844949484	1689844950715	OK	 
REQUEST		request_0	1689844949248	1689844950715	OK	 
REQUEST		request_0	1689844949489	1689844950715	OK	 
REQUEST		request_0	1689844949482	1689844950717	OK	 
REQUEST		request_0	1689844949250	1689844950717	OK	 
REQUEST		request_0	1689844949488	1689844950717	OK	 
REQUEST		request_0	1689844949485	1689844950717	OK	 
REQUEST		request_0	1689844949487	1689844950721	OK	 
REQUEST		request_0	1689844949485	1689844950720	OK	 
REQUEST		request_0	1689844949248	1689844950721	OK	 
REQUEST		request_0	1689844949484	1689844950723	OK	 
REQUEST		request_0	1689844949482	1689844950723	OK	 
REQUEST		request_0	1689844949487	1689844950723	OK	 
REQUEST		request_0	1689844949248	1689844950723	OK	 
REQUEST		request_0	1689844949248	1689844950723	OK	 
REQUEST		request_0	1689844949486	1689844950724	OK	 
REQUEST		request_0	1689844949485	1689844950725	OK	 
REQUEST		request_0	1689844949486	1689844950725	OK	 
REQUEST		request_0	1689844949248	1689844950727	OK	 
REQUEST		request_0	1689844949485	1689844950725	OK	 
REQUEST		request_0	1689844949482	1689844950734	OK	 
REQUEST		request_0	1689844949250	1689844950734	OK	 
REQUEST		request_0	1689844949487	1689844950734	OK	 
REQUEST		request_0	1689844949483	1689844950725	OK	 
REQUEST		request_0	1689844949483	1689844950727	OK	 
REQUEST		request_0	1689844949491	1689844950728	OK	 
REQUEST		request_0	1689844949487	1689844950734	OK	 
REQUEST		request_0	1689844949486	1689844950740	OK	 
REQUEST		request_1	1689844981785	1689844981903	OK	 
REQUEST		request_1	1689844981884	1689844982000	OK	 
REQUEST		request_1	1689844981884	1689844982000	OK	 
REQUEST		request_1	1689844981884	1689844982000	OK	 
REQUEST		request_1	1689844981884	1689844982000	OK	 
REQUEST		request_1	1689844982689	1689844982806	OK	 
REQUEST		request_1	1689844982689	1689844982807	OK	 
REQUEST		request_1	1689844982689	1689844982807	OK	 
REQUEST		request_1	1689844982690	1689844982807	OK	 
REQUEST		request_1	1689844982689	1689844982807	OK	 
REQUEST		request_1	1689844982689	1689844982810	OK	 
REQUEST		request_1	1689844982689	1689844982810	OK	 
REQUEST		request_1	1689844982689	1689844982810	OK	 
REQUEST		request_1	1689844982689	1689844982810	OK	 
REQUEST		request_1	1689844982690	1689844982810	OK	 
REQUEST		request_1	1689844982689	1689844982810	OK	 
REQUEST		request_1	1689844982689	1689844982812	OK	 
REQUEST		request_1	1689844982689	1689844982814	OK	 
REQUEST		request_1	1689844982689	1689844982814	OK	 
REQUEST		request_1	1689844982689	1689844982814	OK	 
REQUEST		request_1	1689844982689	1689844982814	OK	 
REQUEST		request_1	1689844982689	1689844982815	OK	 
REQUEST		request_1	1689844982689	1689844982815	OK	 
REQUEST		request_1	1689844982690	1689844982815	OK	 
REQUEST		request_1	1689844982704	1689844982820	OK	 
REQUEST		request_1	1689844982705	1689844982823	OK	 
REQUEST		request_1	1689844982704	1689844982823	OK	 
REQUEST		request_1	1689844982705	1689844982823	OK	 
REQUEST		request_1	1689844982704	1689844982823	OK	 
REQUEST		request_1	1689844982704	1689844982823	OK	 
REQUEST		request_1	1689844982704	1689844982823	OK	 
REQUEST		request_1	1689844982704	1689844982823	OK	 
REQUEST		request_1	1689844982704	1689844982824	OK	 
REQUEST		request_1	1689844982704	1689844982825	OK	 
REQUEST		request_1	1689844982706	1689844982825	OK	 
REQUEST		request_1	1689844982704	1689844982825	OK	 
REQUEST		request_1	1689844982706	1689844982826	OK	 
REQUEST		request_1	1689844982704	1689844982827	OK	 
REQUEST		request_1	1689844982706	1689844982828	OK	 
REQUEST		request_1	1689844982704	1689844982828	OK	 
REQUEST		request_1	1689844982704	1689844982829	OK	 
REQUEST		request_1	1689844982704	1689844982831	OK	 
REQUEST		request_1	1689844982705	1689844982831	OK	 
REQUEST		request_1	1689844982705	1689844982847	OK	 
REQUEST		request_1	1689844982704	1689844982847	OK	 
REQUEST		request_1	1689844982704	1689844982854	OK	 
REQUEST		request_1	1689844982705	1689844982854	OK	 
REQUEST		request_1	1689844982704	1689844982855	OK	 
REQUEST		request_1	1689844982724	1689844982855	OK	 
REQUEST		request_1	1689844982705	1689844982855	OK	 
REQUEST		request_1	1689844982704	1689844982855	OK	 
REQUEST		request_1	1689844982724	1689844982855	OK	 
REQUEST		request_1	1689844982724	1689844982856	OK	 
REQUEST		request_1	1689844982724	1689844982856	OK	 
REQUEST		request_1	1689844982706	1689844982856	OK	 
REQUEST		request_1	1689844982724	1689844982856	OK	 
REQUEST		request_1	1689844982704	1689844982857	OK	 
REQUEST		request_1	1689844982724	1689844982855	OK	 
REQUEST		request_1	1689844982725	1689844982859	OK	 
REQUEST		request_1	1689844982724	1689844982859	OK	 
REQUEST		request_1	1689844982725	1689844982859	OK	 
REQUEST		request_1	1689844982724	1689844982859	OK	 
REQUEST		request_1	1689844982724	1689844982859	OK	 
REQUEST		request_1	1689844982724	1689844982856	OK	 
REQUEST		request_1	1689844982725	1689844982856	OK	 
REQUEST		request_1	1689844982724	1689844982859	OK	 
REQUEST		request_1	1689844982725	1689844982859	OK	 
REQUEST		request_1	1689844982704	1689844982856	OK	 
REQUEST		request_1	1689844982725	1689844982859	OK	 
REQUEST		request_1	1689844982704	1689844982859	OK	 
REQUEST		request_1	1689844982724	1689844982858	OK	 
REQUEST		request_1	1689844982725	1689844982859	OK	 
REQUEST		request_1	1689844982704	1689844982858	OK	 
REQUEST		request_1	1689844982724	1689844982858	OK	 
REQUEST		request_1	1689844982725	1689844982861	OK	 
REQUEST		request_1	1689844982725	1689844982861	OK	 
REQUEST		request_1	1689844982724	1689844982861	OK	 
REQUEST		request_1	1689844982725	1689844982863	OK	 
REQUEST		request_1	1689844982724	1689844982864	OK	 
REQUEST		request_1	1689844982743	1689844982864	OK	 
REQUEST		request_1	1689844982743	1689844982864	OK	 
REQUEST		request_1	1689844982725	1689844982864	OK	 
REQUEST		request_1	1689844982724	1689844982866	OK	 
REQUEST		request_1	1689844982743	1689844982866	OK	 
REQUEST		request_1	1689844982743	1689844982866	OK	 
REQUEST		request_1	1689844982725	1689844982870	OK	 
REQUEST		request_1	1689844982743	1689844982871	OK	 
REQUEST		request_1	1689844982743	1689844982870	OK	 
REQUEST		request_1	1689844982724	1689844982871	OK	 
REQUEST		request_1	1689844982743	1689844982875	OK	 
REQUEST		request_1	1689844982743	1689844982880	OK	 
REQUEST		request_1	1689844982745	1689844982880	OK	 
REQUEST		request_1	1689844982743	1689844982880	OK	 
REQUEST		request_1	1689844982743	1689844982880	OK	 
REQUEST		request_1	1689844982743	1689844982880	OK	 
REQUEST		request_1	1689844982743	1689844982880	OK	 
REQUEST		request_1	1689844982745	1689844982881	OK	 
REQUEST		request_1	1689844982745	1689844982881	OK	 
REQUEST		request_1	1689844982745	1689844982881	OK	 
REQUEST		request_1	1689844982743	1689844982882	OK	 
REQUEST		request_2	1689845042923	1689845043156	OK	 
REQUEST		request_2	1689845043003	1689845043231	OK	 
REQUEST		request_2	1689845043003	1689845043233	OK	 
REQUEST		request_2	1689845043003	1689845043235	OK	 
REQUEST		request_2	1689845043023	1689845043251	OK	 
REQUEST		request_2 Redirect 1	1689845043158	1689845043276	OK	 
REQUEST		request_2 Redirect 1	1689845043232	1689845043348	OK	 
REQUEST		request_2 Redirect 1	1689845043233	1689845043352	OK	 
REQUEST		request_2 Redirect 1	1689845043236	1689845043352	OK	 
REQUEST		request_2 Redirect 1	1689845043251	1689845043368	OK	 
REQUEST		request_2	1689845043814	1689845044041	OK	 
REQUEST		request_2	1689845043814	1689845044041	OK	 
REQUEST		request_2	1689845043814	1689845044041	OK	 
REQUEST		request_2	1689845043814	1689845044041	OK	 
REQUEST		request_2	1689845043814	1689845044042	OK	 
REQUEST		request_2	1689845043814	1689845044042	OK	 
REQUEST		request_2	1689845043815	1689845044042	OK	 
REQUEST		request_2	1689845043815	1689845044045	OK	 
REQUEST		request_2	1689845043834	1689845044063	OK	 
REQUEST		request_2	1689845043834	1689845044063	OK	 
REQUEST		request_2	1689845043834	1689845044063	OK	 
REQUEST		request_2	1689845043834	1689845044063	OK	 
REQUEST		request_2	1689845043834	1689845044064	OK	 
REQUEST		request_2	1689845043836	1689845044065	OK	 
REQUEST		request_2	1689845043853	1689845044082	OK	 
REQUEST		request_2	1689845043853	1689845044083	OK	 
REQUEST		request_2	1689845043877	1689845044104	OK	 
REQUEST		request_2	1689845043873	1689845044104	OK	 
REQUEST		request_2	1689845043877	1689845044105	OK	 
REQUEST		request_2	1689845043873	1689845044105	OK	 
REQUEST		request_2	1689845043876	1689845044106	OK	 
REQUEST		request_2	1689845043873	1689845044106	OK	 
REQUEST		request_2	1689845043876	1689845044106	OK	 
REQUEST		request_2	1689845043876	1689845044106	OK	 
REQUEST		request_2	1689845043873	1689845044106	OK	 
REQUEST		request_2	1689845043873	1689845044106	OK	 
REQUEST		request_2	1689845043877	1689845044107	OK	 
REQUEST		request_2	1689845043877	1689845044108	OK	 
REQUEST		request_2	1689845043873	1689845044108	OK	 
REQUEST		request_2	1689845043876	1689845044108	OK	 
REQUEST		request_2	1689845043876	1689845044108	OK	 
REQUEST		request_2	1689845043876	1689845044108	OK	 
REQUEST		request_2	1689845043873	1689845044108	OK	 
REQUEST		request_2	1689845043876	1689845044108	OK	 
REQUEST		request_2	1689845043876	1689845044109	OK	 
REQUEST		request_2	1689845043894	1689845044154	OK	 
REQUEST		request_2	1689845043894	1689845044154	OK	 
REQUEST		request_2 Redirect 1	1689845044041	1689845044174	OK	 
REQUEST		request_2 Redirect 1	1689845044041	1689845044174	OK	 
REQUEST		request_2 Redirect 1	1689845044041	1689845044193	OK	 
REQUEST		request_2 Redirect 1	1689845044041	1689845044194	OK	 
REQUEST		request_2 Redirect 1	1689845044042	1689845044194	OK	 
REQUEST		request_2 Redirect 1	1689845044042	1689845044213	OK	 
REQUEST		request_2 Redirect 1	1689845044042	1689845044214	OK	 
REQUEST		request_2 Redirect 1	1689845044045	1689845044214	OK	 
REQUEST		request_2 Redirect 1	1689845044066	1689845044225	OK	 
REQUEST		request_2 Redirect 1	1689845044063	1689845044225	OK	 
REQUEST		request_2 Redirect 1	1689845044106	1689845044225	OK	 
REQUEST		request_2 Redirect 1	1689845044106	1689845044225	OK	 
REQUEST		request_2 Redirect 1	1689845044064	1689845044225	OK	 
REQUEST		request_2 Redirect 1	1689845044104	1689845044225	OK	 
REQUEST		request_2 Redirect 1	1689845044063	1689845044225	OK	 
REQUEST		request_2 Redirect 1	1689845044106	1689845044226	OK	 
REQUEST		request_2 Redirect 1	1689845044063	1689845044226	OK	 
REQUEST		request_2 Redirect 1	1689845044063	1689845044225	OK	 
REQUEST		request_2 Redirect 1	1689845044108	1689845044227	OK	 
REQUEST		request_2 Redirect 1	1689845044104	1689845044227	OK	 
REQUEST		request_2 Redirect 1	1689845044106	1689845044227	OK	 
REQUEST		request_2 Redirect 1	1689845044082	1689845044227	OK	 
REQUEST		request_2 Redirect 1	1689845044105	1689845044227	OK	 
REQUEST		request_2 Redirect 1	1689845044105	1689845044228	OK	 
REQUEST		request_2 Redirect 1	1689845044084	1689845044228	OK	 
REQUEST		request_2 Redirect 1	1689845044108	1689845044228	OK	 
REQUEST		request_2 Redirect 1	1689845044108	1689845044229	OK	 
REQUEST		request_2 Redirect 1	1689845044106	1689845044230	OK	 
REQUEST		request_2 Redirect 1	1689845044107	1689845044231	OK	 
REQUEST		request_2 Redirect 1	1689845044154	1689845044270	OK	 
REQUEST		request_2 Redirect 1	1689845044154	1689845044272	OK	 
REQUEST		request_2	1689845043834	1689845044719	OK	 
REQUEST		request_2	1689845043873	1689845044719	OK	 
REQUEST		request_2	1689845043835	1689845044718	OK	 
REQUEST		request_2	1689845043876	1689845044718	OK	 
REQUEST		request_2	1689845043835	1689845044719	OK	 
REQUEST		request_2	1689845043877	1689845044719	OK	 
REQUEST		request_2	1689845043877	1689845044719	OK	 
REQUEST		request_2	1689845043834	1689845044719	OK	 
REQUEST		request_2	1689845043834	1689845044719	OK	 
REQUEST		request_2	1689845043834	1689845044719	OK	 
REQUEST		request_2	1689845043874	1689845044720	OK	 
REQUEST		request_2	1689845043814	1689845044720	OK	 
REQUEST		request_2	1689845043834	1689845044720	OK	 
REQUEST		request_2	1689845043874	1689845044720	OK	 
REQUEST		request_2	1689845043876	1689845044721	OK	 
REQUEST		request_2	1689845043836	1689845044721	OK	 
REQUEST		request_2	1689845043877	1689845044721	OK	 
REQUEST		request_2	1689845043873	1689845044721	OK	 
REQUEST		request_2	1689845043895	1689845044721	OK	 
REQUEST		request_2	1689845043895	1689845044721	OK	 
REQUEST		request_2	1689845043834	1689845044720	OK	 
REQUEST		request_2	1689845043877	1689845044721	OK	 
REQUEST		request_2 Redirect 1	1689845044108	1689845044721	OK	 
REQUEST		request_2	1689845043894	1689845044722	OK	 
REQUEST		request_2	1689845043835	1689845044722	OK	 
REQUEST		request_2	1689845043876	1689845044722	OK	 
REQUEST		request_2	1689845043876	1689845044722	OK	 
REQUEST		request_2	1689845043894	1689845044722	OK	 
REQUEST		request_2	1689845043893	1689845044722	OK	 
REQUEST		request_2	1689845043834	1689845044722	OK	 
REQUEST		request_2	1689845043834	1689845044722	OK	 
REQUEST		request_2	1689845043873	1689845044723	OK	 
REQUEST		request_2	1689845043834	1689845044723	OK	 
REQUEST		request_2 Redirect 1	1689845044108	1689845044723	OK	 
REQUEST		request_2	1689845043877	1689845044723	OK	 
REQUEST		request_2	1689845043876	1689845044724	OK	 
REQUEST		request_2	1689845043876	1689845044727	OK	 
REQUEST		request_2	1689845043895	1689845044727	OK	 
REQUEST		request_2	1689845043878	1689845044727	OK	 
REQUEST		request_2	1689845043834	1689845044727	OK	 
REQUEST		request_2	1689845043834	1689845044727	OK	 
REQUEST		request_2 Redirect 1	1689845044108	1689845044728	OK	 
REQUEST		request_2	1689845043834	1689845044729	OK	 
REQUEST		request_2	1689845043873	1689845044729	OK	 
REQUEST		request_2	1689845043877	1689845044729	OK	 
REQUEST		request_2	1689845043814	1689845044729	OK	 
REQUEST		request_2	1689845043834	1689845044729	OK	 
REQUEST		request_2	1689845043893	1689845044729	OK	 
REQUEST		request_2	1689845043893	1689845044730	OK	 
REQUEST		request_2 Redirect 1	1689845044106	1689845044731	OK	 
REQUEST		request_2	1689845043873	1689845044732	OK	 
REQUEST		request_2	1689845043877	1689845044732	OK	 
REQUEST		request_2	1689845043834	1689845044732	OK	 
REQUEST		request_2	1689845043876	1689845044732	OK	 
REQUEST		request_2	1689845043834	1689845044732	OK	 
REQUEST		request_2 Redirect 1	1689845044109	1689845044733	OK	 
REQUEST		request_2	1689845043814	1689845044733	OK	 
REQUEST		request_2	1689845043877	1689845044733	OK	 
REQUEST		request_2	1689845043874	1689845044733	OK	 
REQUEST		request_2	1689845043814	1689845044734	OK	 
REQUEST		request_2	1689845043873	1689845044734	OK	 
REQUEST		request_2	1689845043876	1689845044734	OK	 
REQUEST		request_2	1689845043834	1689845044734	OK	 
REQUEST		request_2 Redirect 1	1689845044108	1689845044734	OK	 
REQUEST		request_2 Redirect 1	1689845044719	1689845044836	OK	 
REQUEST		request_2 Redirect 1	1689845044719	1689845044838	OK	 
REQUEST		request_2 Redirect 1	1689845044721	1689845044844	OK	 
REQUEST		request_2 Redirect 1	1689845044719	1689845044844	OK	 
REQUEST		request_2 Redirect 1	1689845044721	1689845044844	OK	 
REQUEST		request_2 Redirect 1	1689845044719	1689845044846	OK	 
REQUEST		request_2 Redirect 1	1689845044719	1689845044848	OK	 
REQUEST		request_2 Redirect 1	1689845044720	1689845044850	OK	 
REQUEST		request_2 Redirect 1	1689845044721	1689845044852	OK	 
REQUEST		request_2 Redirect 1	1689845044722	1689845044854	OK	 
REQUEST		request_2 Redirect 1	1689845044719	1689845044854	OK	 
REQUEST		request_2 Redirect 1	1689845044720	1689845044856	OK	 
REQUEST		request_2 Redirect 1	1689845044720	1689845044860	OK	 
REQUEST		request_2 Redirect 1	1689845044722	1689845044861	OK	 
REQUEST		request_2 Redirect 1	1689845044724	1689845044861	OK	 
REQUEST		request_2 Redirect 1	1689845044719	1689845044863	OK	 
REQUEST		request_2 Redirect 1	1689845044722	1689845044864	OK	 
REQUEST		request_2 Redirect 1	1689845044722	1689845044867	OK	 
REQUEST		request_2 Redirect 1	1689845044722	1689845044868	OK	 
REQUEST		request_2 Redirect 1	1689845044729	1689845044872	OK	 
REQUEST		request_2 Redirect 1	1689845044733	1689845044872	OK	 
REQUEST		request_2 Redirect 1	1689845044727	1689845044871	OK	 
REQUEST		request_2 Redirect 1	1689845044723	1689845044872	OK	 
REQUEST		request_2 Redirect 1	1689845044729	1689845044872	OK	 
REQUEST		request_2 Redirect 1	1689845044721	1689845044873	OK	 
REQUEST		request_2 Redirect 1	1689845044733	1689845044874	OK	 
REQUEST		request_2 Redirect 1	1689845044733	1689845044875	OK	 
REQUEST		request_2 Redirect 1	1689845044734	1689845044876	OK	 
REQUEST		request_2 Redirect 1	1689845044721	1689845044876	OK	 
REQUEST		request_2 Redirect 1	1689845044723	1689845044879	OK	 
REQUEST		request_2 Redirect 1	1689845044721	1689845044879	OK	 
REQUEST		request_2 Redirect 1	1689845044719	1689845044880	OK	 
REQUEST		request_2 Redirect 1	1689845044722	1689845044880	OK	 
REQUEST		request_2 Redirect 1	1689845044723	1689845044881	OK	 
REQUEST		request_2 Redirect 1	1689845044727	1689845044889	OK	 
REQUEST		request_2 Redirect 1	1689845044734	1689845044890	OK	 
REQUEST		request_2 Redirect 1	1689845044722	1689845044891	OK	 
REQUEST		request_2 Redirect 1	1689845044734	1689845044891	OK	 
REQUEST		request_2 Redirect 1	1689845044720	1689845044892	OK	 
REQUEST		request_2 Redirect 1	1689845044721	1689845044893	OK	 
REQUEST		request_2 Redirect 1	1689845044727	1689845044893	OK	 
REQUEST		request_2 Redirect 1	1689845044720	1689845044895	OK	 
REQUEST		request_2 Redirect 1	1689845044723	1689845044896	OK	 
REQUEST		request_2 Redirect 1	1689845044722	1689845044896	OK	 
REQUEST		request_2 Redirect 1	1689845044729	1689845044898	OK	 
REQUEST		request_2 Redirect 1	1689845044729	1689845044899	OK	 
REQUEST		request_2 Redirect 1	1689845044734	1689845044899	OK	 
REQUEST		request_2 Redirect 1	1689845044730	1689845044900	OK	 
REQUEST		request_2 Redirect 1	1689845044733	1689845044902	OK	 
REQUEST		request_2 Redirect 1	1689845044722	1689845044902	OK	 
REQUEST		request_2 Redirect 1	1689845044727	1689845044903	OK	 
REQUEST		request_2 Redirect 1	1689845044733	1689845044903	OK	 
REQUEST		request_2 Redirect 1	1689845044734	1689845044904	OK	 
REQUEST		request_2 Redirect 1	1689845044727	1689845044906	OK	 
REQUEST		request_2 Redirect 1	1689845044734	1689845044906	OK	 
REQUEST		request_2 Redirect 1	1689845044729	1689845044908	OK	 
REQUEST		request_2 Redirect 1	1689845044734	1689845044909	OK	 
REQUEST		request_2 Redirect 1	1689845044729	1689845044912	OK	 
REQUEST		request_3	1689845069289	1689845069407	OK	 
REQUEST		request_3	1689845069351	1689845069465	OK	 
REQUEST		request_3	1689845069366	1689845069482	OK	 
REQUEST		request_3	1689845069366	1689845069482	OK	 
REQUEST		request_3	1689845069381	1689845069497	OK	 
REQUEST		request_3	1689845070190	1689845070305	OK	 
REQUEST		request_3	1689845070190	1689845070305	OK	 
REQUEST		request_3	1689845070205	1689845070325	OK	 
REQUEST		request_3	1689845070205	1689845070325	OK	 
REQUEST		request_3	1689845070205	1689845070325	OK	 
REQUEST		request_3	1689845070220	1689845070338	OK	 
REQUEST		request_3	1689845070220	1689845070338	OK	 
REQUEST		request_3	1689845070220	1689845070338	OK	 
REQUEST		request_3	1689845070236	1689845070354	OK	 
REQUEST		request_3	1689845070236	1689845070354	OK	 
REQUEST		request_3	1689845070236	1689845070354	OK	 
REQUEST		request_3	1689845070237	1689845070354	OK	 
REQUEST		request_3	1689845070236	1689845070354	OK	 
REQUEST		request_3	1689845070236	1689845070355	OK	 
REQUEST		request_3	1689845070236	1689845070355	OK	 
REQUEST		request_3	1689845070237	1689845070356	OK	 
REQUEST		request_3	1689845070237	1689845070358	OK	 
REQUEST		request_3	1689845070236	1689845070358	OK	 
REQUEST		request_3	1689845070237	1689845070358	OK	 
REQUEST		request_3	1689845070236	1689845070358	OK	 
REQUEST		request_3	1689845070236	1689845070358	OK	 
REQUEST		request_3	1689845070236	1689845070359	OK	 
REQUEST		request_3	1689845070237	1689845070359	OK	 
REQUEST		request_3	1689845070236	1689845070360	OK	 
REQUEST		request_3	1689845070236	1689845070360	OK	 
REQUEST		request_3	1689845070237	1689845070360	OK	 
REQUEST		request_3	1689845070236	1689845070360	OK	 
REQUEST		request_3	1689845070237	1689845070360	OK	 
REQUEST		request_3	1689845070283	1689845070400	OK	 
REQUEST		request_3	1689845070283	1689845070400	OK	 
REQUEST		request_3	1689845070237	1689845070715	OK	 
REQUEST		request_3	1689845070736	1689845070850	OK	 
REQUEST		request_3	1689845070735	1689845070850	OK	 
REQUEST		request_3	1689845070735	1689845070850	OK	 
REQUEST		request_3	1689845070735	1689845070851	OK	 
REQUEST		request_3	1689845070735	1689845070851	OK	 
REQUEST		request_3	1689845070736	1689845070852	OK	 
REQUEST		request_3	1689845070846	1689845070961	OK	 
REQUEST		request_3	1689845070846	1689845070961	OK	 
REQUEST		request_3	1689845070846	1689845070961	OK	 
REQUEST		request_3	1689845070846	1689845070961	OK	 
REQUEST		request_3	1689845070846	1689845070962	OK	 
REQUEST		request_3	1689845070861	1689845070976	OK	 
REQUEST		request_3	1689845070862	1689845070976	OK	 
REQUEST		request_3	1689845070861	1689845070977	OK	 
REQUEST		request_3	1689845070861	1689845070979	OK	 
REQUEST		request_3	1689845070862	1689845070979	OK	 
REQUEST		request_3	1689845070861	1689845070979	OK	 
REQUEST		request_3	1689845070862	1689845070979	OK	 
REQUEST		request_3	1689845070861	1689845070979	OK	 
REQUEST		request_3	1689845070877	1689845071002	OK	 
REQUEST		request_3	1689845070878	1689845071003	OK	 
REQUEST		request_3	1689845070877	1689845071018	OK	 
REQUEST		request_3	1689845070877	1689845071018	OK	 
REQUEST		request_3	1689845070877	1689845071019	OK	 
REQUEST		request_3	1689845070877	1689845071035	OK	 
REQUEST		request_3	1689845070877	1689845071036	OK	 
REQUEST		request_3	1689845070877	1689845071036	OK	 
REQUEST		request_3	1689845070878	1689845071050	OK	 
REQUEST		request_3	1689845070877	1689845071050	OK	 
REQUEST		request_3	1689845070877	1689845071050	OK	 
REQUEST		request_3	1689845070877	1689845071080	OK	 
REQUEST		request_3	1689845070877	1689845071080	OK	 
REQUEST		request_3	1689845070878	1689845071080	OK	 
REQUEST		request_3	1689845070892	1689845071095	OK	 
REQUEST		request_3	1689845070892	1689845071095	OK	 
REQUEST		request_3	1689845070892	1689845071110	OK	 
REQUEST		request_3	1689845070892	1689845071110	OK	 
REQUEST		request_3	1689845070892	1689845071144	OK	 
REQUEST		request_3	1689845070892	1689845071158	OK	 
REQUEST		request_3	1689845070892	1689845071158	OK	 
REQUEST		request_3	1689845070892	1689845071159	OK	 
REQUEST		request_3	1689845070908	1689845071160	OK	 
REQUEST		request_3	1689845070909	1689845071160	OK	 
REQUEST		request_3	1689845070907	1689845071160	OK	 
REQUEST		request_3	1689845070892	1689845071160	OK	 
REQUEST		request_3	1689845070907	1689845071160	OK	 
REQUEST		request_3	1689845070893	1689845071160	OK	 
REQUEST		request_3	1689845070893	1689845071160	OK	 
REQUEST		request_3	1689845070907	1689845071160	OK	 
REQUEST		request_3	1689845070907	1689845071160	OK	 
REQUEST		request_3	1689845070907	1689845071160	OK	 
REQUEST		request_3	1689845070908	1689845071160	OK	 
REQUEST		request_3	1689845070908	1689845071160	OK	 
REQUEST		request_3	1689845070907	1689845071160	OK	 
REQUEST		request_3	1689845070908	1689845071161	OK	 
REQUEST		request_3	1689845070907	1689845071161	OK	 
REQUEST		request_3	1689845070907	1689845071161	OK	 
REQUEST		request_3	1689845070907	1689845071161	OK	 
REQUEST		request_3	1689845070908	1689845071161	OK	 
REQUEST		request_3	1689845070923	1689845071391	OK	 
REQUEST		request_3	1689845070923	1689845071391	OK	 
REQUEST		request_3	1689845070923	1689845071396	OK	 
REQUEST		request_3	1689845070907	1689845071647	OK	 
REQUEST		request_3	1689845070923	1689845071663	OK	 
REQUEST		request_4	1689845092419	1689845092534	OK	 
REQUEST		request_4	1689845092480	1689845092594	OK	 
REQUEST		request_4	1689845092496	1689845092610	OK	 
REQUEST		request_4	1689845092496	1689845092611	OK	 
REQUEST		request_4	1689845092511	1689845092625	OK	 
REQUEST		request_4	1689845093321	1689845093435	OK	 
REQUEST		request_4	1689845093321	1689845093435	OK	 
REQUEST		request_4	1689845093336	1689845093452	OK	 
REQUEST		request_4	1689845093336	1689845093452	OK	 
REQUEST		request_4	1689845093336	1689845093452	OK	 
REQUEST		request_4	1689845093351	1689845093467	OK	 
REQUEST		request_4	1689845093351	1689845093467	OK	 
REQUEST		request_4	1689845093352	1689845093467	OK	 
REQUEST		request_4	1689845093366	1689845093483	OK	 
REQUEST		request_4	1689845093366	1689845093483	OK	 
REQUEST		request_4	1689845093366	1689845093483	OK	 
REQUEST		request_4	1689845093366	1689845093483	OK	 
REQUEST		request_4	1689845093366	1689845093484	OK	 
REQUEST		request_4	1689845093367	1689845093484	OK	 
REQUEST		request_4	1689845093366	1689845093484	OK	 
REQUEST		request_4	1689845093367	1689845093485	OK	 
REQUEST		request_4	1689845093367	1689845093485	OK	 
REQUEST		request_4	1689845093367	1689845093485	OK	 
REQUEST		request_4	1689845093367	1689845093485	OK	 
REQUEST		request_4	1689845093366	1689845093486	OK	 
REQUEST		request_4	1689845093367	1689845093487	OK	 
REQUEST		request_4	1689845093366	1689845093487	OK	 
REQUEST		request_4	1689845093366	1689845093487	OK	 
REQUEST		request_4	1689845093367	1689845093487	OK	 
REQUEST		request_4	1689845093367	1689845093488	OK	 
REQUEST		request_4	1689845093366	1689845093488	OK	 
REQUEST		request_4	1689845093366	1689845093488	OK	 
REQUEST		request_4	1689845093366	1689845093488	OK	 
REQUEST		request_4	1689845093412	1689845093527	OK	 
REQUEST		request_4	1689845093412	1689845093527	OK	 
REQUEST		request_4	1689845093721	1689845093836	OK	 
REQUEST		request_4	1689845093860	1689845093975	OK	 
REQUEST		request_4	1689845093861	1689845093975	OK	 
REQUEST		request_4	1689845093860	1689845093976	OK	 
REQUEST		request_4	1689845093860	1689845093976	OK	 
REQUEST		request_4	1689845093860	1689845093976	OK	 
REQUEST		request_4	1689845093860	1689845093976	OK	 
REQUEST		request_4	1689845093967	1689845094081	OK	 
REQUEST		request_4	1689845093967	1689845094081	OK	 
REQUEST		request_4	1689845093967	1689845094081	OK	 
REQUEST		request_4	1689845093967	1689845094082	OK	 
REQUEST		request_4	1689845093967	1689845094082	OK	 
REQUEST		request_4	1689845093983	1689845094098	OK	 
REQUEST		request_4	1689845093983	1689845094098	OK	 
REQUEST		request_4	1689845093983	1689845094099	OK	 
REQUEST		request_4	1689845093983	1689845094099	OK	 
REQUEST		request_4	1689845093983	1689845094101	OK	 
REQUEST		request_4	1689845093983	1689845094101	OK	 
REQUEST		request_4	1689845093983	1689845094101	OK	 
REQUEST		request_4	1689845093983	1689845094101	OK	 
REQUEST		request_4	1689845094014	1689845094128	OK	 
REQUEST		request_4	1689845094014	1689845094129	OK	 
REQUEST		request_4	1689845094030	1689845094144	OK	 
REQUEST		request_4	1689845094030	1689845094144	OK	 
REQUEST		request_4	1689845094030	1689845094145	OK	 
REQUEST		request_4	1689845094045	1689845094161	OK	 
REQUEST		request_4	1689845094045	1689845094161	OK	 
REQUEST		request_4	1689845094045	1689845094161	OK	 
REQUEST		request_4	1689845094061	1689845094175	OK	 
REQUEST		request_4	1689845094061	1689845094175	OK	 
REQUEST		request_4	1689845094061	1689845094177	OK	 
REQUEST		request_4	1689845094093	1689845094208	OK	 
REQUEST		request_4	1689845094093	1689845094208	OK	 
REQUEST		request_4	1689845094093	1689845094210	OK	 
REQUEST		request_4	1689845094108	1689845094223	OK	 
REQUEST		request_4	1689845094108	1689845094223	OK	 
REQUEST		request_4	1689845094124	1689845094239	OK	 
REQUEST		request_4	1689845094124	1689845094239	OK	 
REQUEST		request_4	1689845094154	1689845094271	OK	 
REQUEST		request_4	1689845094162	1689845094277	OK	 
REQUEST		request_4	1689845094170	1689845094287	OK	 
REQUEST		request_4	1689845094170	1689845094287	OK	 
REQUEST		request_4	1689845094170	1689845094289	OK	 
REQUEST		request_4	1689845094170	1689845094290	OK	 
REQUEST		request_4	1689845094170	1689845094291	OK	 
REQUEST		request_4	1689845094170	1689845094291	OK	 
REQUEST		request_4	1689845094170	1689845094292	OK	 
REQUEST		request_4	1689845094170	1689845094293	OK	 
REQUEST		request_4	1689845094170	1689845094293	OK	 
REQUEST		request_4	1689845094170	1689845094295	OK	 
REQUEST		request_4	1689845094170	1689845094295	OK	 
REQUEST		request_4	1689845094170	1689845094296	OK	 
REQUEST		request_4	1689845094170	1689845094298	OK	 
REQUEST		request_4	1689845094170	1689845094299	OK	 
REQUEST		request_4	1689845094170	1689845094299	OK	 
REQUEST		request_4	1689845094170	1689845094302	OK	 
REQUEST		request_4	1689845094170	1689845094304	OK	 
REQUEST		request_4	1689845094170	1689845094304	OK	 
REQUEST		request_4	1689845094170	1689845094306	OK	 
REQUEST		request_4	1689845094170	1689845094307	OK	 
REQUEST		request_4	1689845094400	1689845094515	OK	 
REQUEST		request_4	1689845094400	1689845094515	OK	 
REQUEST		request_4	1689845094400	1689845094515	OK	 
REQUEST		request_4	1689845094649	1689845094765	OK	 
REQUEST		request_4	1689845094665	1689845094780	OK	 
REQUEST		request_5	1689845105553	1689845105668	OK	 
USER	FirstSimulation	END	1689845105670
REQUEST		request_5	1689845105613	1689845105728	OK	 
REQUEST		request_5	1689845105613	1689845105728	OK	 
REQUEST		request_5	1689845105613	1689845105728	OK	 
USER	FirstSimulation	END	1689845105728
USER	FirstSimulation	END	1689845105728
USER	FirstSimulation	END	1689845105729
REQUEST		request_5	1689845105633	1689845105748	OK	 
USER	FirstSimulation	END	1689845105748
REQUEST		request_5	1689845106443	1689845106558	OK	 
REQUEST		request_5	1689845106443	1689845106558	OK	 
USER	FirstSimulation	END	1689845106559
USER	FirstSimulation	END	1689845106559
REQUEST		request_5	1689845106466	1689845106580	OK	 
USER	FirstSimulation	END	1689845106581
REQUEST		request_5	1689845106466	1689845106584	OK	 
REQUEST		request_5	1689845106466	1689845106584	OK	 
USER	FirstSimulation	END	1689845106585
USER	FirstSimulation	END	1689845106585
REQUEST		request_5	1689845106483	1689845106600	OK	 
REQUEST		request_5	1689845106483	1689845106601	OK	 
USER	FirstSimulation	END	1689845106601
USER	FirstSimulation	END	1689845106602
REQUEST		request_5	1689845106483	1689845106603	OK	 
USER	FirstSimulation	END	1689845106603
REQUEST		request_5	1689845106503	1689845106618	OK	 
REQUEST		request_5	1689845106503	1689845106619	OK	 
USER	FirstSimulation	END	1689845106619
REQUEST		request_5	1689845106503	1689845106620	OK	 
REQUEST		request_5	1689845106504	1689845106620	OK	 
USER	FirstSimulation	END	1689845106620
USER	FirstSimulation	END	1689845106620
USER	FirstSimulation	END	1689845106620
REQUEST		request_5	1689845106503	1689845106620	OK	 
REQUEST		request_5	1689845106504	1689845106620	OK	 
USER	FirstSimulation	END	1689845106621
USER	FirstSimulation	END	1689845106621
REQUEST		request_5	1689845106503	1689845106621	OK	 
REQUEST		request_5	1689845106503	1689845106622	OK	 
USER	FirstSimulation	END	1689845106622
USER	FirstSimulation	END	1689845106622
REQUEST		request_5	1689845106504	1689845106623	OK	 
REQUEST		request_5	1689845106503	1689845106623	OK	 
USER	FirstSimulation	END	1689845106624
USER	FirstSimulation	END	1689845106624
REQUEST		request_5	1689845106503	1689845106624	OK	 
REQUEST		request_5	1689845106503	1689845106624	OK	 
REQUEST		request_5	1689845106503	1689845106624	OK	 
REQUEST		request_5	1689845106504	1689845106625	OK	 
USER	FirstSimulation	END	1689845106626
USER	FirstSimulation	END	1689845106626
USER	FirstSimulation	END	1689845106626
USER	FirstSimulation	END	1689845106626
REQUEST		request_5	1689845106504	1689845106627	OK	 
REQUEST		request_5	1689845106504	1689845106627	OK	 
REQUEST		request_5	1689845106503	1689845106627	OK	 
USER	FirstSimulation	END	1689845106628
USER	FirstSimulation	END	1689845106628
USER	FirstSimulation	END	1689845106628
REQUEST		request_5	1689845106503	1689845106629	OK	 
USER	FirstSimulation	END	1689845106630
REQUEST		request_5	1689845106504	1689845106630	OK	 
USER	FirstSimulation	END	1689845106630
REQUEST		request_5	1689845106503	1689845106631	OK	 
USER	FirstSimulation	END	1689845106632
REQUEST		request_5	1689845106543	1689845106659	OK	 
REQUEST		request_5	1689845106543	1689845106659	OK	 
USER	FirstSimulation	END	1689845106660
USER	FirstSimulation	END	1689845106660
REQUEST		request_5	1689845106843	1689845106958	OK	 
USER	FirstSimulation	END	1689845106959
REQUEST		request_5	1689845106983	1689845107098	OK	 
REQUEST		request_5	1689845106983	1689845107098	OK	 
REQUEST		request_5	1689845106983	1689845107098	OK	 
REQUEST		request_5	1689845106983	1689845107098	OK	 
USER	FirstSimulation	END	1689845107099
USER	FirstSimulation	END	1689845107099
USER	FirstSimulation	END	1689845107099
USER	FirstSimulation	END	1689845107099
REQUEST		request_5	1689845106983	1689845107099	OK	 
REQUEST		request_5	1689845106983	1689845107099	OK	 
USER	FirstSimulation	END	1689845107100
USER	FirstSimulation	END	1689845107100
REQUEST		request_5	1689845107083	1689845107197	OK	 
REQUEST		request_5	1689845107083	1689845107197	OK	 
USER	FirstSimulation	END	1689845107198
USER	FirstSimulation	END	1689845107198
REQUEST		request_5	1689845107083	1689845107200	OK	 
REQUEST		request_5	1689845107083	1689845107200	OK	 
USER	FirstSimulation	END	1689845107202
USER	FirstSimulation	END	1689845107202
REQUEST		request_5	1689845107083	1689845107204	OK	 
USER	FirstSimulation	END	1689845107205
REQUEST		request_5	1689845107103	1689845107219	OK	 
REQUEST		request_5	1689845107103	1689845107219	OK	 
REQUEST		request_5	1689845107103	1689845107220	OK	 
REQUEST		request_5	1689845107103	1689845107220	OK	 
USER	FirstSimulation	END	1689845107220
USER	FirstSimulation	END	1689845107220
USER	FirstSimulation	END	1689845107220
USER	FirstSimulation	END	1689845107220
REQUEST		request_5	1689845107103	1689845107221	OK	 
USER	FirstSimulation	END	1689845107221
REQUEST		request_5	1689845107103	1689845107222	OK	 
REQUEST		request_5	1689845107103	1689845107222	OK	 
USER	FirstSimulation	END	1689845107223
USER	FirstSimulation	END	1689845107223
REQUEST		request_5	1689845107103	1689845107223	OK	 
USER	FirstSimulation	END	1689845107224
REQUEST		request_5	1689845107143	1689845107258	OK	 
USER	FirstSimulation	END	1689845107258
REQUEST		request_5	1689845107144	1689845107258	OK	 
USER	FirstSimulation	END	1689845107259
REQUEST		request_5	1689845107163	1689845107278	OK	 
REQUEST		request_5	1689845107163	1689845107278	OK	 
USER	FirstSimulation	END	1689845107279
USER	FirstSimulation	END	1689845107279
REQUEST		request_5	1689845107163	1689845107279	OK	 
REQUEST		request_5	1689845107163	1689845107279	OK	 
REQUEST		request_5	1689845107163	1689845107279	OK	 
USER	FirstSimulation	END	1689845107279
USER	FirstSimulation	END	1689845107279
USER	FirstSimulation	END	1689845107279
REQUEST		request_5	1689845107163	1689845107280	OK	 
USER	FirstSimulation	END	1689845107281
REQUEST		request_5	1689845107183	1689845107299	OK	 
USER	FirstSimulation	END	1689845107299
REQUEST		request_5	1689845107183	1689845107303	OK	 
REQUEST		request_5	1689845107183	1689845107303	OK	 
USER	FirstSimulation	END	1689845107305
USER	FirstSimulation	END	1689845107305
REQUEST		request_5	1689845107220	1689845107334	OK	 
USER	FirstSimulation	END	1689845107334
REQUEST		request_5	1689845107223	1689845107340	OK	 
REQUEST		request_5	1689845107223	1689845107340	OK	 
USER	FirstSimulation	END	1689845107340
USER	FirstSimulation	END	1689845107340
REQUEST		request_5	1689845107243	1689845107358	OK	 
REQUEST		request_5	1689845107243	1689845107358	OK	 
REQUEST		request_5	1689845107243	1689845107359	OK	 
USER	FirstSimulation	END	1689845107359
USER	FirstSimulation	END	1689845107359
REQUEST		request_5	1689845107243	1689845107359	OK	 
USER	FirstSimulation	END	1689845107360
USER	FirstSimulation	END	1689845107360
REQUEST		request_5	1689845107279	1689845107394	OK	 
USER	FirstSimulation	END	1689845107395
REQUEST		request_5	1689845107283	1689845107398	OK	 
USER	FirstSimulation	END	1689845107398
REQUEST		request_5	1689845107303	1689845107418	OK	 
REQUEST		request_5	1689845107303	1689845107418	OK	 
USER	FirstSimulation	END	1689845107418
USER	FirstSimulation	END	1689845107419
REQUEST		request_5	1689845107303	1689845107422	OK	 
REQUEST		request_5	1689845107303	1689845107422	OK	 
USER	FirstSimulation	END	1689845107422
USER	FirstSimulation	END	1689845107422
REQUEST		request_5	1689845107303	1689845107422	OK	 
REQUEST		request_5	1689845107303	1689845107423	OK	 
REQUEST		request_5	1689845107303	1689845107423	OK	 
USER	FirstSimulation	END	1689845107423
USER	FirstSimulation	END	1689845107423
USER	FirstSimulation	END	1689845107423
REQUEST		request_5	1689845107303	1689845107424	OK	 
USER	FirstSimulation	END	1689845107424
REQUEST		request_5	1689845107303	1689845107425	OK	 
REQUEST		request_5	1689845107303	1689845107425	OK	 
USER	FirstSimulation	END	1689845107425
USER	FirstSimulation	END	1689845107425
REQUEST		request_5	1689845107304	1689845107426	OK	 
REQUEST		request_5	1689845107305	1689845107426	OK	 
USER	FirstSimulation	END	1689845107427
USER	FirstSimulation	END	1689845107427
REQUEST		request_5	1689845107303	1689845107428	OK	 
REQUEST		request_5	1689845107305	1689845107428	OK	 
USER	FirstSimulation	END	1689845107429
USER	FirstSimulation	END	1689845107429
REQUEST		request_5	1689845107303	1689845107429	OK	 
REQUEST		request_5	1689845107304	1689845107429	OK	 
USER	FirstSimulation	END	1689845107430
USER	FirstSimulation	END	1689845107430
REQUEST		request_5	1689845107303	1689845107430	OK	 
USER	FirstSimulation	END	1689845107431
REQUEST		request_5	1689845107323	1689845107442	OK	 
REQUEST		request_5	1689845107323	1689845107442	OK	 
REQUEST		request_5	1689845107323	1689845107442	OK	 
USER	FirstSimulation	END	1689845107442
USER	FirstSimulation	END	1689845107443
USER	FirstSimulation	END	1689845107443
REQUEST		request_5	1689845107533	1689845107648	OK	 
REQUEST		request_5	1689845107533	1689845107648	OK	 
USER	FirstSimulation	END	1689845107648
USER	FirstSimulation	END	1689845107648
REQUEST		request_5	1689845107533	1689845107649	OK	 
USER	FirstSimulation	END	1689845107650
REQUEST		request_5	1689845107773	1689845107889	OK	 
USER	FirstSimulation	END	1689845107890
REQUEST		request_5	1689845107793	1689845107907	OK	 
USER	FirstSimulation	END	1689845107908
