RUN	computerdatabase.ComputerDatabaseSimulation	computerdatabasesimulation	1689839870090	 	3.9.5
USER	Users	START	1689839871703
USER	Admins	START	1689839871703
REQUEST		Home	1689839871471	1689839872166	OK	 
REQUEST		Home	1689839871471	1689839872166	OK	 
REQUEST		Home Redirect 1	1689839872175	1689839872302	OK	 
REQUEST		Home Redirect 1	1689839872175	1689839872302	OK	 
USER	Users	START	1689839872456
REQUEST		Home	1689839872455	1689839872911	OK	 
REQUEST		Home Redirect 1	1689839872912	1689839873030	OK	 
USER	Users	START	1689839873460
REQUEST		Search	1689839873325	1689839873460	OK	 
REQUEST		Search	1689839873325	1689839873460	OK	 
REQUEST		Home	1689839873459	1689839873920	OK	 
REQUEST		Home Redirect 1	1689839873921	1689839874041	OK	 
REQUEST		Search	1689839874041	1689839874157	OK	 
USER	Users	START	1689839874444
REQUEST		Select	1689839874544	1689839874660	OK	 
REQUEST		Select	1689839874544	1689839874660	OK	 
REQUEST		Home	1689839874443	1689839874899	OK	 
REQUEST		Home Redirect 1	1689839874900	1689839875021	OK	 
REQUEST		Search	1689839875045	1689839875163	OK	 
REQUEST		Select	1689839875175	1689839875290	OK	 
USER	Users	START	1689839875452
REQUEST		Page 0	1689839875680	1689839875796	OK	 
REQUEST		Page 0	1689839875680	1689839875796	OK	 
REQUEST		Home	1689839875451	1689839875906	OK	 
REQUEST		Home Redirect 1	1689839875907	1689839876024	OK	 
REQUEST		Search	1689839876031	1689839876147	OK	 
REQUEST		Select	1689839876178	1689839876296	OK	 
REQUEST		Page 0	1689839876295	1689839876410	OK	 
USER	Users	START	1689839876449
USER	Admins	START	1689839876449
REQUEST		Home	1689839876448	1689839876902	OK	 
REQUEST		Home	1689839876448	1689839876907	OK	 
REQUEST		Page 1	1689839876814	1689839876930	OK	 
REQUEST		Page 1	1689839876814	1689839876931	OK	 
REQUEST		Home Redirect 1	1689839876902	1689839877017	OK	 
REQUEST		Home Redirect 1	1689839876908	1689839877027	OK	 
REQUEST		Search	1689839877034	1689839877149	OK	 
REQUEST		Select	1689839877165	1689839877280	OK	 
REQUEST		Page 0	1689839877312	1689839877431	OK	 
USER	Users	START	1689839877452
REQUEST		Page 1	1689839877413	1689839877529	OK	 
REQUEST		Home	1689839877451	1689839877910	OK	 
REQUEST		Home Redirect 1	1689839877910	1689839878028	OK	 
REQUEST		Page 2	1689839877936	1689839878052	OK	 
REQUEST		Page 2	1689839877936	1689839878053	OK	 
REQUEST		Search	1689839878037	1689839878152	OK	 
REQUEST		Search	1689839878037	1689839878155	OK	 
REQUEST		Select	1689839878152	1689839878267	OK	 
REQUEST		Page 0	1689839878284	1689839878401	OK	 
USER	Users	START	1689839878456
REQUEST		Page 1	1689839878438	1689839878556	OK	 
REQUEST		Page 2	1689839878538	1689839878653	OK	 
REQUEST		Home	1689839878453	1689839878911	OK	 
REQUEST		Home Redirect 1	1689839878912	1689839879028	OK	 
REQUEST		Search	1689839879039	1689839879154	OK	 
REQUEST		Page 3	1689839879055	1689839879169	OK	 
REQUEST		Page 3	1689839879055	1689839879171	OK	 
REQUEST		Select	1689839879170	1689839879285	OK	 
REQUEST		Select	1689839879170	1689839879285	OK	 
REQUEST		Page 0	1689839879271	1689839879387	OK	 
USER	Users	START	1689839879442
REQUEST		Page 1	1689839879414	1689839879530	OK	 
REQUEST		Page 2	1689839879560	1689839879677	OK	 
REQUEST		Page 3	1689839879655	1689839879771	OK	 
REQUEST		Home	1689839879441	1689839879896	OK	 
REQUEST		Home Redirect 1	1689839879896	1689839880012	OK	 
REQUEST		Search	1689839880042	1689839880157	OK	 
USER	Users	END	1689839880184
REQUEST		Select	1689839880165	1689839880281	OK	 
REQUEST		Form	1689839880181	1689839880303	OK	 
REQUEST		Page 0	1689839880289	1689839880405	OK	 
REQUEST		Page 0	1689839880289	1689839880406	OK	 
USER	Users	START	1689839880443
REQUEST		Page 1	1689839880397	1689839880513	OK	 
REQUEST		Page 2	1689839880543	1689839880659	OK	 
USER	Users	END	1689839880774
REQUEST		Page 3	1689839880690	1689839880806	OK	 
REQUEST		Home	1689839880442	1689839880897	OK	 
REQUEST		Home Redirect 1	1689839880897	1689839881013	OK	 
REQUEST		Search	1689839881022	1689839881138	OK	 
REQUEST		Select	1689839881161	1689839881277	OK	 
REQUEST		Page 0	1689839881292	1689839881409	OK	 
REQUEST		Post	1689839881311	1689839881429	OK	 
REQUEST		Page 1	1689839881411	1689839881526	OK	 
REQUEST		Page 1	1689839881411	1689839881528	OK	 
REQUEST		Post Redirect 1	1689839881436	1689839881554	OK	 
USER	Admins	END	1689839881557
REQUEST		Page 2	1689839881523	1689839881639	OK	 
REQUEST		Page 3	1689839881661	1689839881778	OK	 
USER	Users	END	1689839881808
REQUEST		Search	1689839882030	1689839882145	OK	 
REQUEST		Select	1689839882145	1689839882260	OK	 
REQUEST		Page 0	1689839882283	1689839882397	OK	 
REQUEST		Page 1	1689839882414	1689839882530	OK	 
REQUEST		Page 2	1689839882530	1689839882646	OK	 
REQUEST		Page 2	1689839882530	1689839882648	OK	 
REQUEST		Page 3	1689839882646	1689839882762	OK	 
USER	Users	END	1689839882785
REQUEST		Select	1689839883148	1689839883263	OK	 
REQUEST		Page 0	1689839883270	1689839883391	OK	 
REQUEST		Page 1	1689839883403	1689839883519	OK	 
REQUEST		Page 2	1689839883534	1689839883651	OK	 
REQUEST		Page 3	1689839883650	1689839883765	OK	 
REQUEST		Page 3	1689839883650	1689839883767	OK	 
USER	Users	END	1689839883772
REQUEST		Page 0	1689839884274	1689839884390	OK	 
REQUEST		Page 1	1689839884405	1689839884521	OK	 
REQUEST		Page 2	1689839884521	1689839884637	OK	 
REQUEST		Page 3	1689839884654	1689839884769	OK	 
USER	Users	END	1689839884775
REQUEST		Form	1689839884775	1689839884892	OK	 
REQUEST		Page 1	1689839885396	1689839885512	OK	 
REQUEST		Page 2	1689839885524	1689839885640	OK	 
REQUEST		Page 3	1689839885639	1689839885756	OK	 
USER	Users	END	1689839885777
REQUEST		Post	1689839885908	1689839886024	OK	 
REQUEST		Post Redirect 1	1689839886026	1689839886143	OK	 
USER	Admins	END	1689839886145
REQUEST		Page 2	1689839886526	1689839886642	OK	 
REQUEST		Page 3	1689839886644	1689839886760	OK	 
USER	Users	END	1689839886780
USER	Users	END	1689839887765
REQUEST		Page 3	1689839887659	1689839887776	OK	 
USER	Users	END	1689839888785
